==> Job 18053116 on gpua084.delta.ncsa.illinois.edu at 2026-05-04T19:26:27-05:00
==> SPECIES=ion_F+
==> Launching trainer for ion_F+
============================================================
  Per-species ensemble training
  Species:    ion_F+
  Output dir: results/ml_production_ensemble_all_species/ion_F+
  Ensemble:   5 seeds × 2000 epochs
==> Loading dataset…
  train cells: 332860; val cells: 58740; cases: 220
  bias-init (log-mean): 15.8064
  device: CUDA
  === STARTING MODEL 0/5 (seed=42) ===
    [ion_F+ seed=42] ep=    0 t=0.16675 v=0.04050
    [ion_F+ seed=42] ep=  400 t=0.00007 v=0.00015
    [ion_F+ seed=42] ep=  800 t=0.00004 v=0.00013
    [ion_F+ seed=42] ep= 1200 t=0.00003 v=0.00011
    [ion_F+ seed=42] ep= 1600 t=0.00002 v=0.00009
  === FINISHED MODEL 0/5 | best val = 0.000089 ===
  === STARTING MODEL 1/5 (seed=179) ===
    [ion_F+ seed=179] ep=    0 t=0.13253 v=0.01419
    [ion_F+ seed=179] ep=  400 t=0.00006 v=0.00022
    [ion_F+ seed=179] ep=  800 t=0.00003 v=0.00015
    [ion_F+ seed=179] ep= 1200 t=0.00002 v=0.00014
    [ion_F+ seed=179] ep= 1600 t=0.00002 v=0.00013
  === FINISHED MODEL 1/5 | best val = 0.000122 ===
  === STARTING MODEL 2/5 (seed=316) ===
    [ion_F+ seed=316] ep=    0 t=0.16659 v=0.03115
    [ion_F+ seed=316] ep=  400 t=0.00008 v=0.00024
    [ion_F+ seed=316] ep=  800 t=0.00004 v=0.00023
    [ion_F+ seed=316] ep= 1200 t=0.00003 v=0.00024
    [ion_F+ seed=316] ep= 1600 t=0.00002 v=0.00024
  === FINISHED MODEL 2/5 | best val = 0.000208 ===
  === STARTING MODEL 3/5 (seed=453) ===
    [ion_F+ seed=453] ep=    0 t=0.12495 v=0.01287
    [ion_F+ seed=453] ep=  400 t=0.00006 v=0.00022
    [ion_F+ seed=453] ep=  800 t=0.00003 v=0.00020
    [ion_F+ seed=453] ep= 1200 t=0.00002 v=0.00014
    [ion_F+ seed=453] ep= 1600 t=0.00002 v=0.00014
  === FINISHED MODEL 3/5 | best val = 0.000125 ===
  === STARTING MODEL 4/5 (seed=590) ===
    [ion_F+ seed=590] ep=    0 t=0.16087 v=0.03796
    [ion_F+ seed=590] ep=  400 t=0.00008 v=0.00023
    [ion_F+ seed=590] ep=  800 t=0.00004 v=0.00021
    [ion_F+ seed=590] ep= 1200 t=0.00002 v=0.00020
    [ion_F+ seed=590] ep= 1600 t=0.00001 v=0.00019
  === FINISHED MODEL 4/5 | best val = 0.000165 ===
==> Wrote results/ml_production_ensemble_all_species/ion_F+/summary.json: RMSE=0.00384
==> Training for ion_F+ complete at 2026-05-04T20:16:36-05:00
