==> Job 18053105 on gpua068.delta.ncsa.illinois.edu at 2026-05-04T19:19:06-05:00
==> SPECIES=nSF5
==> Launching trainer for nSF5
============================================================
  Per-species ensemble training
  Species:    nSF5
  Output dir: results/ml_production_ensemble_all_species/nSF5
  Ensemble:   5 seeds × 2000 epochs
==> Loading dataset…
  train cells: 332860; val cells: 58740; cases: 220
  bias-init (log-mean): 19.3297
  device: CUDA
  === STARTING MODEL 0/5 (seed=42) ===
    [nSF5 seed=42] ep=    0 t=0.11730 v=0.01924
    [nSF5 seed=42] ep=  400 t=0.00003 v=0.00019
    [nSF5 seed=42] ep=  800 t=0.00001 v=0.00022
    [nSF5 seed=42] ep= 1200 t=0.00001 v=0.00021
    [nSF5 seed=42] ep= 1600 t=0.00000 v=0.00020
  === FINISHED MODEL 0/5 | best val = 0.000189 ===
  === STARTING MODEL 1/5 (seed=179) ===
    [nSF5 seed=179] ep=    0 t=0.07933 v=0.00925
    [nSF5 seed=179] ep=  400 t=0.00003 v=0.00015
    [nSF5 seed=179] ep=  800 t=0.00001 v=0.00015
    [nSF5 seed=179] ep= 1200 t=0.00001 v=0.00015
    [nSF5 seed=179] ep= 1600 t=0.00000 v=0.00014
  === FINISHED MODEL 1/5 | best val = 0.000109 ===
  === STARTING MODEL 2/5 (seed=316) ===
    [nSF5 seed=316] ep=    0 t=0.11646 v=0.02123
    [nSF5 seed=316] ep=  400 t=0.00003 v=0.00030
    [nSF5 seed=316] ep=  800 t=0.00002 v=0.00031
    [nSF5 seed=316] ep= 1200 t=0.00001 v=0.00030
    [nSF5 seed=316] ep= 1600 t=0.00000 v=0.00029
  === FINISHED MODEL 2/5 | best val = 0.000230 ===
  === STARTING MODEL 3/5 (seed=453) ===
    [nSF5 seed=453] ep=    0 t=0.10405 v=0.00958
    [nSF5 seed=453] ep=  400 t=0.00002 v=0.00014
    [nSF5 seed=453] ep=  800 t=0.00001 v=0.00012
    [nSF5 seed=453] ep= 1200 t=0.00001 v=0.00014
    [nSF5 seed=453] ep= 1600 t=0.00000 v=0.00013
  === FINISHED MODEL 3/5 | best val = 0.000082 ===
  === STARTING MODEL 4/5 (seed=590) ===
    [nSF5 seed=590] ep=    0 t=0.09247 v=0.01352
    [nSF5 seed=590] ep=  400 t=0.00002 v=0.00012
    [nSF5 seed=590] ep=  800 t=0.00001 v=0.00014
    [nSF5 seed=590] ep= 1200 t=0.00001 v=0.00014
    [nSF5 seed=590] ep= 1600 t=0.00000 v=0.00013
  === FINISHED MODEL 4/5 | best val = 0.000092 ===
==> Wrote results/ml_production_ensemble_all_species/nSF5/summary.json: RMSE=0.00158
==> Training for nSF5 complete at 2026-05-04T20:13:02-05:00
